Performing C SOURCE FILE Test CMAKE_HAVE_LIBC_PTHREAD failed with the following output:
Change Dir: /home/zhangbin/myproject/hls/tsMuxer/cmake-build-debug/CMakeFiles/CMakeTmp

Run Build Command(s):/usr/bin/make cmTC_12a71/fast && /usr/bin/make -f CMakeFiles/cmTC_12a71.dir/build.make CMakeFiles/cmTC_12a71.dir/build
make[1]: 进入目录“/home/zhangbin/myproject/hls/tsMuxer/cmake-build-debug/CMakeFiles/CMakeTmp”
Building C object CMakeFiles/cmTC_12a71.dir/src.c.o
/usr/bin/cc   -DCMAKE_HAVE_LIBC_PTHREAD   -o CMakeFiles/cmTC_12a71.dir/src.c.o   -c /home/zhangbin/myproject/hls/tsMuxer/cmake-build-debug/CMakeFiles/CMakeTmp/src.c
Linking C executable cmTC_12a71
/home/zhangbin/Documents/clion-2019.3.2/bin/cmake/linux/bin/cmake -E cmake_link_script CMakeFiles/cmTC_12a71.dir/link.txt --verbose=1
/usr/bin/cc  -DCMAKE_HAVE_LIBC_PTHREAD    -rdynamic CMakeFiles/cmTC_12a71.dir/src.c.o  -o cmTC_12a71 
CMakeFiles/cmTC_12a71.dir/src.c.o：在函数‘main’中：
src.c:(.text+0x3e)：对‘pthread_create’未定义的引用
src.c:(.text+0x4a)：对‘pthread_detach’未定义的引用
src.c:(.text+0x5b)：对‘pthread_join’未定义的引用
src.c:(.text+0x6f)：对‘pthread_atfork’未定义的引用
collect2: error: ld returned 1 exit status
CMakeFiles/cmTC_12a71.dir/build.make:86: recipe for target 'cmTC_12a71' failed
make[1]: *** [cmTC_12a71] Error 1
make[1]: 离开目录“/home/zhangbin/myproject/hls/tsMuxer/cmake-build-debug/CMakeFiles/CMakeTmp”
Makefile:121: recipe for target 'cmTC_12a71/fast' failed
make: *** [cmTC_12a71/fast] Error 2


Source file was:
#include <pthread.h>

void* test_func(void* data)
{
  return data;
}

int main(void)
{
  pthread_t thread;
  pthread_create(&thread, NULL, test_func, NULL);
  pthread_detach(thread);
  pthread_join(thread, NULL);
  pthread_atfork(NULL, NULL, NULL);
  pthread_exit(NULL);

  return 0;
}

Determining if the function pthread_create exists in the pthreads failed with the following output:
Change Dir: /home/zhangbin/myproject/hls/tsMuxer/cmake-build-debug/CMakeFiles/CMakeTmp

Run Build Command(s):/usr/bin/make cmTC_21b86/fast && /usr/bin/make -f CMakeFiles/cmTC_21b86.dir/build.make CMakeFiles/cmTC_21b86.dir/build
make[1]: 进入目录“/home/zhangbin/myproject/hls/tsMuxer/cmake-build-debug/CMakeFiles/CMakeTmp”
Building C object CMakeFiles/cmTC_21b86.dir/CheckFunctionExists.c.o
/usr/bin/cc   -DCHECK_FUNCTION_EXISTS=pthread_create   -o CMakeFiles/cmTC_21b86.dir/CheckFunctionExists.c.o   -c /home/zhangbin/Documents/clion-2019.3.2/bin/cmake/linux/share/cmake-3.15/Modules/CheckFunctionExists.c
Linking C executable cmTC_21b86
/home/zhangbin/Documents/clion-2019.3.2/bin/cmake/linux/bin/cmake -E cmake_link_script CMakeFiles/cmTC_21b86.dir/link.txt --verbose=1
/usr/bin/cc  -DCHECK_FUNCTION_EXISTS=pthread_create    -rdynamic CMakeFiles/cmTC_21b86.dir/CheckFunctionExists.c.o  -o cmTC_21b86 -lpthreads 
/usr/bin/ld: 找不到 -lpthreads
collect2: error: ld returned 1 exit status
CMakeFiles/cmTC_21b86.dir/build.make:86: recipe for target 'cmTC_21b86' failed
make[1]: *** [cmTC_21b86] Error 1
make[1]: 离开目录“/home/zhangbin/myproject/hls/tsMuxer/cmake-build-debug/CMakeFiles/CMakeTmp”
Makefile:121: recipe for target 'cmTC_21b86/fast' failed
make: *** [cmTC_21b86/fast] Error 2



